whisper_init_from_file_with_params_no_state: loading model from 'tools/whisper.cpp/models/ggml-large-v3.bin'
whisper_init_with_params_no_state: use gpu    = 1
whisper_init_with_params_no_state: flash attn = 1
whisper_init_with_params_no_state: gpu_device = 0
whisper_init_with_params_no_state: dtw        = 0
ggml_metal_device_init: tensor API disabled for pre-M5 and pre-A19 devices
ggml_metal_library_init: using embedded metal library
ggml_metal_library_init: loaded in 0.030 sec
ggml_metal_rsets_init: creating a residency set collection (keep_alive = 180 s)
ggml_metal_device_init: GPU name:   MTL0 (Apple Paravirtual device)
ggml_metal_device_init: GPU family: MTLGPUFamilyApple5  (1005)
ggml_metal_device_init: GPU family: MTLGPUFamilyCommon3 (3003)
ggml_metal_device_init: simdgroup reduction   = false
ggml_metal_device_init: simdgroup matrix mul. = false
ggml_metal_device_init: has unified memory    = true
ggml_metal_device_init: has bfloat            = false
ggml_metal_device_init: has tensor            = false
ggml_metal_device_init: use residency sets    = true
ggml_metal_device_init: use shared buffers    = true
ggml_metal_device_init: recommendedMaxWorkingSetSize  = 51539.61 MB
whisper_init_with_params_no_state: devices    = 3
whisper_init_with_params_no_state: backends   = 3
whisper_model_load: loading model
whisper_model_load: n_vocab       = 51866
whisper_model_load: n_audio_ctx   = 1500
whisper_model_load: n_audio_state = 1280
whisper_model_load: n_audio_head  = 20
whisper_model_load: n_audio_layer = 32
whisper_model_load: n_text_ctx    = 448
whisper_model_load: n_text_state  = 1280
whisper_model_load: n_text_head   = 20
whisper_model_load: n_text_layer  = 32
whisper_model_load: n_mels        = 128
whisper_model_load: ftype         = 1
whisper_model_load: qntvr         = 0
whisper_model_load: type          = 5 (large v3)
whisper_model_load: adding 1609 extra tokens
whisper_model_load: n_langs       = 100
whisper_model_load:         MTL0 total size =  3094.36 MB
whisper_model_load: model size    = 3094.36 MB
whisper_backend_init_gpu: device 0: MTL0 (type: 1)
whisper_backend_init_gpu: found GPU device 0: MTL0 (type: 1, cnt: 0)
whisper_backend_init_gpu: using MTL0 backend
ggml_metal_init: allocating
ggml_metal_init: found device: Apple Paravirtual device
ggml_metal_init: picking default device: Apple Paravirtual device
ggml_metal_init: use fusion         = true
ggml_metal_init: use concurrency    = true
ggml_metal_init: use graph optimize = true
whisper_backend_init: using BLAS backend
whisper_init_state: kv self size  =   83.89 MB
whisper_init_state: kv cross size =  251.66 MB
whisper_init_state: kv pad  size  =    7.86 MB
whisper_init_state: compute buffer (conv)   =   57.50 MB
whisper_init_state: compute buffer (encode) =   99.18 MB
whisper_init_state: compute buffer (cross)  =   27.91 MB
whisper_init_state: compute buffer (decode) =  243.37 MB

system_info: n_threads = 4 / 8 | WHISPER : COREML = 0 | OPENVINO = 0 | MTL : EMBED_LIBRARY = 1 | CPU : NEON = 1 | ARM_FMA = 1 | FP16_VA = 1 | MATMUL_INT8 = 1 | DOTPROD = 1 | ACCELERATE = 1 | REPACK = 1 | 

main: processing 'outputs/2026-05-05-151720-15-podcast-bed-piano-transcribe/whisper-cpp/input-16k.wav' (224000 samples, 14.0 sec), 4 threads, 1 processors, 5 beams + best of 5, lang = en, task = transcribe, timestamps = 1 ...


[00:00:00.960 --> 00:00:07.200]   This right here is a quick voice memo. I want to try it out with MLXVLM.
[00:00:07.200 --> 00:00:14.000]   Just going to see if it can be transcribed by Gemma and how well that works.
output_txt: saving output to 'outputs/2026-05-05-151720-15-podcast-bed-piano-transcribe/whisper-cpp/output.txt'

whisper_print_timings:     load time =  1694.74 ms
whisper_print_timings:     fallbacks =   0 p /   0 h
whisper_print_timings:      mel time =     6.37 ms
whisper_print_timings:   sample time =    42.26 ms /   220 runs (     0.19 ms per run)
whisper_print_timings:   encode time =  6199.82 ms /     1 runs (  6199.82 ms per run)
whisper_print_timings:   decode time =     0.00 ms /     1 runs (     0.00 ms per run)
whisper_print_timings:   batchd time = 13905.53 ms /   218 runs (    63.79 ms per run)
whisper_print_timings:   prompt time =     0.00 ms /     1 runs (     0.00 ms per run)
whisper_print_timings:    total time = 21986.69 ms
ggml_metal_free: deallocating
real 22.30
user 43.16
sys 4.14
