Fetching 11 files:   0%|          | 0/11 [00:00<?, ?it/s]Fetching 11 files: 100%|██████████| 11/11 [00:00<00:00, 331923.34it/s]
==========
Files: [] 

Prompt: <bos><|turn>user
You are reasoning over an audio transcript.

Transcript:
"Yeah, so that kind of sucks, but I'm still going to be making videos and I'm going to pull through whatever troubles I go through with my health. I wanted to just say hello to everyone. I wanted to say that I hope everyone is well and, you know, there's a lot of things in the news and current events at the moment"

Task: Identify the speaker's emotional state and summarize the main topic in one sentence.<turn|>
<|turn>model
<|channel>thought
<channel|>
**Emotional State:** Resilient and cautiously optimistic (acknowledging difficulty while maintaining determination).

**Summary:** The speaker is providing a brief update to reassure their audience that they will continue making videos despite ongoing health challenges.
==========
Prompt: 121 tokens, 30.044 tokens-per-sec
Generation: 44 tokens, 0.536 tokens-per-sec
Peak memory: 16.259 GB
real 90.40
user 3.99
sys 9.54
