/Users/dev/.local/share/uv/tools/whisperx/lib/python3.13/site-packages/pyannote/audio/core/io.py:47: UserWarning: 
torchcodec is not installed correctly so built-in audio decoding will fail. Solutions are:
* use audio preloaded in-memory as a {'waveform': (channel, time) torch.Tensor, 'sample_rate': int} dictionary;
* fix torchcodec installation. Error message was:

Could not load libtorchcodec. Likely causes:
          1. FFmpeg is not properly installed in your environment. We support
             versions 4, 5, 6 and 7.
          2. The PyTorch version (2.8.0) is not compatible with
             this version of TorchCodec. Refer to the version compatibility
             table:
             https://github.com/pytorch/torchcodec?tab=readme-ov-file#installing-torchcodec.
          3. Another runtime dependency; see exceptions below.
        The following exceptions were raised as we tried to load libtorchcodec:
        
[start of libtorchcodec loading traceback]
FFmpeg version 7: dlopen(/Users/dev/.local/share/uv/tools/whisperx/lib/python3.13/site-packages/torchcodec/libtorchcodec_core7.dylib, 0x0006): Library not loaded: @rpath/libavutil.59.dylib
  Referenced from: <4EE009B0-9B70-3C86-BB0E-E3E97FD75307> /Users/dev/.local/share/uv/tools/whisperx/lib/python3.13/site-packages/torchcodec/libtorchcodec_core7.dylib
  Reason: tried: '/Users/dev/.local/share/uv/python/cpython-3.13.12-macos-aarch64-none/lib/libavutil.59.dylib' (no such file)
FFmpeg version 6: dlopen(/Users/dev/.local/share/uv/tools/whisperx/lib/python3.13/site-packages/torchcodec/libtorchcodec_core6.dylib, 0x0006): Library not loaded: @rpath/libavutil.58.dylib
  Referenced from: <429667FA-10BA-309D-B804-C6862E0D693C> /Users/dev/.local/share/uv/tools/whisperx/lib/python3.13/site-packages/torchcodec/libtorchcodec_core6.dylib
  Reason: tried: '/Users/dev/.local/share/uv/python/cpython-3.13.12-macos-aarch64-none/lib/libavutil.58.dylib' (no such file)
FFmpeg version 5: dlopen(/Users/dev/.local/share/uv/tools/whisperx/lib/python3.13/site-packages/torchcodec/libtorchcodec_core5.dylib, 0x0006): Library not loaded: @rpath/libavutil.57.dylib
  Referenced from: <AF044D12-BBEA-3FC3-9BF0-FE09393BCD48> /Users/dev/.local/share/uv/tools/whisperx/lib/python3.13/site-packages/torchcodec/libtorchcodec_core5.dylib
  Reason: tried: '/Users/dev/.local/share/uv/python/cpython-3.13.12-macos-aarch64-none/lib/libavutil.57.dylib' (no such file)
FFmpeg version 4: dlopen(/Users/dev/.local/share/uv/tools/whisperx/lib/python3.13/site-packages/torchcodec/libtorchcodec_core4.dylib, 0x0006): Library not loaded: @rpath/libavutil.56.dylib
  Referenced from: <F551E475-09B9-3CDC-9702-50798633AD8E> /Users/dev/.local/share/uv/tools/whisperx/lib/python3.13/site-packages/torchcodec/libtorchcodec_core4.dylib
  Reason: tried: '/Users/dev/.local/share/uv/python/cpython-3.13.12-macos-aarch64-none/lib/libavutil.56.dylib' (no such file)
[end of libtorchcodec loading traceback].
  warnings.warn(
2026-05-06 15:54:59 - whisperx.asr - INFO - No language specified, language will be detected for each audio file (increases inference time)
2026-05-06 15:54:59 - whisperx.vads.pyannote - INFO - Performing voice activity detection using Pyannote...
Lightning automatically upgraded your loaded checkpoint from v1.5.4 to v2.6.1. To apply the upgrade to your files permanently, run `python -m lightning.pytorch.utilities.upgrade_checkpoint ../../../../.local/share/uv/tools/whisperx/lib/python3.13/site-packages/whisperx/assets/pytorch_model.bin`
2026-05-06 15:54:59 - whisperx.transcribe - INFO - Performing transcription...
2026-05-06 15:55:00 - whisperx.asr - WARNING - Audio is shorter than 30s, language detection may be inaccurate
2026-05-06 15:55:06 - whisperx.asr - INFO - Detected language: en (0.99) in first 30s of audio
Transcript: [1.06 --> 12.417]  This right here is a quick voice memo. I want to try it out with MLXVLM. Just going to see if it can be transcribed by Gemma and how well that works.
real 26.91
user 90.72
sys 15.33
