Fetching 11 files:   0%|          | 0/11 [00:00<?, ?it/s]Fetching 11 files: 100%|██████████| 11/11 [00:00<00:00, 281325.27it/s]
==========
Files: [] 

Prompt: <bos><|turn>user
Summarize: a podcast about reinforcement learning.<turn|>
<|turn>model
<|channel>thought
<channel|>
Since you haven't provided the specific podcast link or transcript, I cannot summarize a particular episode for you yet.

**Please paste the transcript, provide a link, or upload the audio file.**

However, to give you an idea of what a summary of a Reinforcement Learning (RL) podcast usually looks like, I will structure my response using the following framework once you provide the content:

### 1. The "Big Picture" Summary
A 2–3 sentence high-level overview of the episode (e.g., *"This episode features Dr. X discussing the transition from model-free to model-based reinforcement learning and its implications for robotics."*)

### 2. Key Technical Concepts Explained
I will extract and simplify the core RL terminology discussed, such as:
*   **Agents & Environments:** How the learner interacts with the world.
*   **Exploration vs. Exploitation:** The trade-off between trying new things and using known rewards
==========
Prompt: 22 tokens, 12.450 tokens-per-sec
Generation: 200 tokens, 59.052 tokens-per-sec
Peak memory: 16.181 GB
