Fetching 11 files:   0%|          | 0/11 [00:00<?, ?it/s]Fetching 11 files: 100%|██████████| 11/11 [00:00<00:00, 40471.35it/s]
==========
Files: [] 

Prompt: <bos><|turn>user
You are reasoning over an audio transcript.

Transcript:
"This right here is a quick voice memo. I want to try it out with MLXVLM. Just going to see if it can be transcribed by Gemma and how well that works."

Task: Summarize in one sentence what the speaker is testing, then list one risk and one expected outcome.<turn|>
<|turn>model
<|channel>thought
<channel|>
The speaker is testing the ability of Gemma to transcribe a voice memo processed by MLXVLM.

* **Risk:** The transcription may be inaccurate or fail to capture the nuances of the audio.
* **Expected Outcome:** An assessment of how well Gemma performs the transcription task.
==========
Prompt: 86 tokens, 23.512 tokens-per-sec
Generation: 57 tokens, 0.644 tokens-per-sec
Peak memory: 16.222 GB
real 96.68
user 4.38
sys 10.42
